<?xml version="1.0"?>
<testsuites>
 <testsuite name="Master_script" package="BMODemoTest.suite" timestamp="2019-05-14 17:48:53.578 +0530"
 tests="1"  failures="1" errors="0" time="53.489000">
  <properties>
   <property name="RunDate" value="2019-05-14 17:48:53.578 +0530"/>
   <property name="Status" value="Failure"/>
  </properties>
  <testcase name="Master.script" assertions="1" status="failure"  time="53.479">
    <failure type="FAILURE" message="Image Not Found set Error - Unable To Find Image: LoanCal_TL -- Execution Time 0:00:54 Master.script" />
  </testcase>
 </testsuite>
</testsuites>
