<?xml version="1.0"?>
<testsuites>
 <testsuite name="Master_script" package="BMODemoTest.suite" timestamp="2019-05-15 10:03:54.039 +0530"
 tests="1"  failures="1" errors="1" time="80.194000">
  <properties>
   <property name="RunDate" value="2019-05-15 10:03:54.039 +0530"/>
   <property name="Status" value="Failure"/>
  </properties>
  <testcase name="Master.script" assertions="1" status="error"  time="80.176">
    <failure type="FAILURE" message="Image Not Found click Error - No Text Found On Screen: &quot;(TEXT:&quot;Loans Calculators&quot;)&quot; -- Execution Time 0:01:20 Master.script" />
    <error type="Exception" message="No Text Found On Screen: &quot;(TEXT:&quot;Loans Calculators&quot;)&quot;" />
  </testcase>
 </testsuite>
</testsuites>
