<?xml version="1.0"?>
<testsuites>
 <testsuite name="Master_script" package="BMODemoTest.suite" timestamp="2019-04-09 15:20:54.933 +0530"
 tests="1"  failures="1" errors="1" time="44.342000">
  <properties>
   <property name="RunDate" value="2019-04-09 15:20:54.933 +0530"/>
   <property name="Status" value="Failure"/>
  </properties>
  <testcase name="Master.script" assertions="2" status="error"  time="44.342">
    <failure type="FAILURE" message="File Not Found click Error - Could Not Open Image: Banking Agreements -- Execution Time 0:00:45 Master.script" />
    <error type="Exception" message="Could Not Open Image: Banking Agreements" />
  </testcase>
 </testsuite>
</testsuites>
