<?xml version="1.0"?>
<testsuites>
 <testsuite name="Master_script" package="BMODemoTest.suite" timestamp="2019-04-09 15:12:51.929 +0530"
 tests="1"  failures="1" errors="1" time="82.590000">
  <properties>
   <property name="RunDate" value="2019-04-09 15:12:51.929 +0530"/>
   <property name="Status" value="Failure"/>
  </properties>
  <testcase name="Master.script" assertions="2" status="error"  time="82.55">
    <failure type="FAILURE" message="Image Not Found waitfor Error - Unable To Find Any Image On Screen &quot;closeLoanPage&quot; within 20.00 seconds -- Execution Time 0:01:23 Master.script" />
    <error type="Exception" message="Unable To Find Any Image On Screen &quot;closeLoanPage&quot; within 20.00 seconds" />
  </testcase>
 </testsuite>
</testsuites>
