<?xml version="1.0"?>
<testsuites>
 <testsuite name="Loan/LoanCalculator_script" package="BMODemoTest.suite" timestamp="2019-05-15 11:00:04.995 +0530"
 tests="1"  failures="1" errors="1" time="77.660000">
  <properties>
   <property name="RunDate" value="2019-05-15 11:00:04.995 +0530"/>
   <property name="Status" value="Failure"/>
  </properties>
  <testcase name="Loan/LoanCalculator.script" assertions="1" status="error"  time="77.655">
    <failure type="FAILURE" message="Image Not Found click Error - No Text Found On Screen: &quot;(TEXT:&quot;Loans Calculators&quot;)&quot; -- Execution Time 0:01:18 Loan/LoanCalculator.script" />
    <error type="Exception" message="No Text Found On Screen: &quot;(TEXT:&quot;Loans Calculators&quot;)&quot;" />
  </testcase>
 </testsuite>
</testsuites>
