<?xml version="1.0"?>
<testsuites>
 <testsuite name="Loan/LoanCalculator_script" package="BMODemoTest.suite" timestamp="2019-05-15 14:20:47.656 +0530"
 tests="1"  failures="1" errors="1" time="23.060000">
  <properties>
   <property name="RunDate" value="2019-05-15 14:20:47.656 +0530"/>
   <property name="Status" value="Failure"/>
  </properties>
  <testcase name="Loan/LoanCalculator.script" assertions="1" status="error"  time="23.05">
    <failure type="FAILURE" message="Image Not Found click Error - No Text Found On Screen: &quot;(TEXT:&quot;Loans Calculators&quot;)&quot;  Restricted Search Rectangle ((402,457),(536,489))\n -- Execution Time 0:00:23 Loan/LoanCalculator.script" />
    <error type="Exception" message="No Text Found On Screen: &quot;(TEXT:&quot;Loans Calculators&quot;)&quot;" />
  </testcase>
 </testsuite>
</testsuites>
