<?xml version="1.0"?>
<testsuites>
 <testsuite name="Master_script" package="BMODemoTest.suite" timestamp="2019-04-09 15:36:07.749 +0530"
 tests="1"  failures="1" errors="0" time="72.706000">
  <properties>
   <property name="RunDate" value="2019-04-09 15:36:07.749 +0530"/>
   <property name="Status" value="Failure"/>
  </properties>
  <testcase name="Master.script" assertions="2" status="failure"  time="72.696">
    <failure type="FAILURE" message="Image Not Found set Error - Unable To Find Image: BankingAgreements_TL -- Execution Time 0:01:13 Master.script" />
  </testcase>
 </testsuite>
</testsuites>
