<?xml version="1.0"?>
<testsuites>
 <testsuite name="Validates/BankingAgreementValidate_script" package="BMODemoTest.suite" timestamp="2019-05-15 11:26:49.568 +0530"
 tests="1"  failures="2" errors="0" time="82.135000">
  <properties>
   <property name="RunDate" value="2019-05-15 11:26:49.568 +0530"/>
   <property name="Status" value="Failure"/>
  </properties>
  <testcase name="Validates/BankingAgreementValidate.script" assertions="1" status="failure"  time="82.115">
    <failure type="LogError" message="Page not validated" />
    <failure type="FAILURE" message="Script Error Number of Errors logged: 1 -- Execution Time 0:01:22 Validates/BankingAgreementValidate.script" />
  </testcase>
 </testsuite>
</testsuites>
