<?xml version="1.0"?>
<testsuites>
 <testsuite name="Master_script" package="BMODemoTest.suite" timestamp="2019-04-09 15:09:03.069 +0530"
 tests="1"  failures="1" errors="1" time="75.206000">
  <properties>
   <property name="RunDate" value="2019-04-09 15:09:03.069 +0530"/>
   <property name="Status" value="Failure"/>
  </properties>
  <testcase name="Master.script" assertions="2" status="error"  time="75.196">
    <failure type="FAILURE" message="Image Not Found click Error - No Image Found On Screen: &quot;BankAccounts&quot; -- Execution Time 0:01:15 Master.script" />
    <error type="Exception" message="No Image Found On Screen: &quot;BankAccounts&quot;" />
  </testcase>
 </testsuite>
</testsuites>
